<?xml version="1.0" encoding="UTF-8"?>
<!-- Generated by org.testng.reporters.JUnitReportReporter -->
<testsuite hostname="DESKTOP-G0OK52U" failures="0" tests="1" name="action.test" time="0.135" errors="0" timestamp="2022-04-25T09:59:07 IST" skipped="0">
  <testcase classname="action.test" name="login" time="0.135"/>
  <system-out/>
</testsuite> <!-- action.test -->
