<?xml version="1.0" encoding="UTF-8"?>
<!-- Generated by org.testng.reporters.JUnitReportReporter -->
<testsuite hostname="DESKTOP-G0OK52U" failures="0" tests="3" name="basictest.NewTest" time="16.164" errors="0" timestamp="2022-04-21T12:05:25 IST" skipped="0">
  <testcase classname="basictest.NewTest" name="launch" time="13.174"/>
  <system-out/>
  <testcase classname="basictest.NewTest" name="verifytilte" time="0.020"/>
  <system-out/>
  <testcase classname="basictest.NewTest" name="logout" time="2.970"/>
  <system-out/>
</testsuite> <!-- basictest.NewTest -->
