<?xml version="1.0" encoding="UTF-8"?>
<!-- Generated by org.testng.reporters.JUnitReportReporter -->
<testsuite hostname="DESKTOP-G0OK52U" failures="0" tests="2" name="basictest.dropdown" time="25.485" errors="0" timestamp="2022-04-22T18:14:09 IST" skipped="0">
  <testcase classname="basictest.dropdown" name="selectlist" time="16.380"/>
  <system-out/>
  <testcase classname="basictest.dropdown" name="Applaunch" time="9.105"/>
  <system-out/>
</testsuite> <!-- basictest.dropdown -->
