<?xml version="1.0" encoding="UTF-8"?>
<!-- Generated by org.testng.reporters.JUnitReportReporter -->
<testsuite hostname="DESKTOP-G0OK52U" failures="0" tests="1" name="basictest.CheckboxTest" time="9.323" errors="0" timestamp="2022-04-22T12:10:53 IST" skipped="0">
  <testcase classname="basictest.CheckboxTest" name="checkbox" time="9.323"/>
  <system-out/>
</testsuite> <!-- basictest.CheckboxTest -->
